<?xml version="1.0" encoding="UTF-8"?>
<Site BuildName="(empty)"
	BuildStamp="20260401-0722-Experimental"
	Name="dyandra-Z790-Ubuntu"
	Generator="ctest-3.22.1"
	CompilerName="/usr/bin/g++"
	CompilerVersion="11.4.0"
	OSName="Linux"
	Hostname="dyandra-Z790-Ubuntu"
	OSRelease="6.8.0-101-generic"
	OSVersion="#101~22.04.1-Ubuntu SMP PREEMPT_DYNAMIC Wed Feb 11 13:19:54 UTC "
	OSPlatform="x86_64"
	Is64Bits="1"
	VendorString="GenuineIntel"
	VendorID="Intel Corporation"
	FamilyID="6"
	ModelID="186"
	ProcessorCacheSize="12288"
	NumberOfLogicalCPU="12"
	NumberOfPhysicalCPU="10"
	TotalVirtualMemory="63999"
	TotalPhysicalMemory="15677"
	LogicalProcessorsPerPhysical="1"
	ProcessorClockFrequency="2249.66"
	>
	<Testing>
		<StartDateTime>Apr 01 18:22 AEDT</StartDateTime>
		<StartTestTime>1775028161</StartTestTime>
		<TestList/>
		<EndDateTime>Apr 01 18:22 AEDT</EndDateTime>
		<EndTestTime>1775028161</EndTestTime>
		<ElapsedMinutes>0</ElapsedMinutes>
	</Testing>
</Site>
